<?xml version="1.0" encoding="UTF-8"?>
<!-- Generated by org.testng.reporters.JUnitReportReporter -->
<testsuite hostname="ATMECSBLRLT-073" failures="0" tests="2" name="com.everyset.testcases.MyProfile" time="70.910" errors="0" timestamp="2023-12-01T19:52:50 IST" skipped="0">
  <testcase classname="com.everyset.testcases.MyProfile" name="Contact" time="36.076"/>
  <system-out/>
  <testcase classname="com.everyset.testcases.MyProfile" name="Contact" time="34.834"/>
  <system-out/>
</testsuite> <!-- com.everyset.testcases.MyProfile -->
